[    00000]Initlizing cgroup subsys cpuset
[    0.000000] Initializing cgroup subsys cpu
[    0.000000] Initializg cgroup subsys cpuacct
[    0.000000] Linux version 4.4.0-210-generic (buildd@lgw01-amd64-009) (gcc version 5.4.0 20160609 (Ubuntu 5.4.0-6ubuntu1~16.04.12) ) #242-Ubuntu SMP Fri Apr 16 09:57:56 UTC 2021 (Ubuntu 4.4.0-210.242-generic 4.4.262)
[    0.000000] Command line: BOOT_IMAGE=/boot/vmlinuz-4.4.0-210-generic root=LABEL=cloudimg-rootfs ro console=tty1 console=ttyS0
[    0.000000] KERNEL supported cpus:
[    0.000000]   Intel GenuineIntel
[    0.000000]   AMD AuthenticAMD
[    0.000000]   Centaur CentaurHauls
[    0.000000] x86/fpu: xstate_offset[2]:  576, xstate_sizes[2]:  256
[    0.000000] x86/fpu: Supporting XSAVE feature 0x01: 'x87 floating point registers'
[    0.000000] x86/fpu: Supporting XSAVE feature 0x02: 'SSE registers'
[    0.000000] x86/fpu: Supporting XSAVE feature 0x04: 'AVX registers'
[    0.000000] x86/fpu: Enabled xstate features 0x7, context size is 832 bytes, using 'standard' format.
[    0.000000] e820: BIOS-provided physical RAM map:
[   0.000000] BIOS-e820: [mem 0x0000000000000000-0x000000000009fbff] usable
[    0.000000] BIOS-e820: [mem 0x0000000009fc00-0x000000000009ffff] reserved
[    0.000000] BIOS-e820: [mem 0x00000000000f0000-0x00000000000fffff] reserved
[    0.000000] BIOS-e820: [mem 0x0000000000100000-0x000000003ffeffff] usable
[    0.000000] BIOS-e820: [mem 0x000000003fff0000-0x000000003ffffffff] ACPI data
[    0.000000] BIOS-e820: [mem 0x00000000fec00000-0x00000000fec00fff] reserved
[    0.000000] BIOS-e820: [mem 0x00000000fee00000-0x00000000fee00fff] reserved
[    0.000000] BIOS-e820: [mem 0x00000000fffc0000-0x00000000ffffffff] reserved
[    0.000000] NX (Execute Disable) protection: active
[    0.000000] SMBIOS 2.5 present.
[    0.000000] Hypervisor detected: KVM
[    0.000000] e820: last_pfn = 0x3fff0 max_arch_pfn = 0x400000000
[    0.000000] MTRR: Disabled
[    0.000000] x86/PAT: MTRRs disabled, skipping PAT initialization too.
[    0.000000] CPU MTRRs all blank - virtualized system.
[    0.000000] x86/PAT: Configuration [0-7]: WB  WT  UC- UC  WB  WT  UC- UC  
[    0.000000] found SMP MP-table at [mem 0x0009fff0-0x0009ffff] mapped at [ffff88000009fff0]
[    0.000000] Scanning 1 areas for low memory corruption
[    0.000000] RAMDISK: [mem 0x362dc000-0x37165fff]
[    0.000000] ACPI: Early table checksum verification disabled
[    0.000000] ACPI: RSDP 0x00000000000E0000 000024 (v02 VBOX  )
[    0.000000] ACPI: XSDT 0x000000003FFF0030 00003C (v01 VBOX   VBOXXSDT 00000001 ASL  00000061)
[    0.000000] ACPI: FACP 0x000000003FFF00F0 0000F4 (v04 VBOX   VBOXFACP 00000001 ASL  00000061)
[    0.000000] ACPI: DSDT 0x000000003FFF0470 0021FF (v02 VBOX   VBOXBIOS 00000002 INTL 20100528)
[    0.000000] ACPI: FACS 0x000000003FFF0200 000040
[    0.000000] ACPI: FACS 0x000000003FFF0200 000040
[    0.000000] ACPI: APIC 0x000000003FFF0240 00005C (v02 VBOX   VBOXAPIC 00000001 ASL  00000061)
[    0.000000] ACPI: SSDT 0x000000003FFF02A0 0001CC (v01 VBOX   VBOXCPUT 00000002 INTL 20100528)
[    0.000000] No NUMA configuration found
[    0.000000] Faking a node at [mem 0x0000000000000000-0x000000003ffeffff]
[    0.000000] NODE_DATA(0) allocated [mem 0x3ffeb000-0x3ffeffff]
[    0.000000] kvm-clock: Using msrs 4b564d01 and 4b564d00
[    0.000000] kvm-clock: cpu 0, msr 0:3ffe3001, primary cpu clock
[    0.000000] kvm-clockusing sched offset  3905792575 cycles
[    0.000000] clocksource: kvm-clock: mask: 0xfffffffffffffff max_cycles: 0x1cd42e4dffb, max_idle_ns: 881590591483 ns
[    0.000000] Zone ranges:
[    0.000000]   DMA      [mem 0x0000000000001000-0x0000000000ffffff]
[    0.000000]   DMA32    [mem 0x0000000001000000-0x000000003ffeffff]
[    0.000000]   Normal   emy

[    0.000000]   Device   empty
[    0.000000] Movable zone start for each node
[    0.000000] Early memory node ranges
[    0.000000]   node   0: [me0x0000000000001000-0x000000000009efff]
[    0.000000]   node   0: [mem 0x0000000000100000-0x000000003ffeffff]
[    0.000000] Initmem setup node 0 [mem 0x0000000000001000-0x000000003ffeffff]
[    0.000000] ACPI: PM-Timer IO Port: 0x4008
[    0.000000] IOAPIC[0]: apic_id 2, version 32, address 0xfec00000, GSI 0-23
[    0.000000] ACPI: INT_SRC_OVR (bus 0 bus_irq 0 global_irq 2 dfl dfl)
[    0.000000] ACPI: INT_SRC_OVR (bus 0 bus_irq 9 global_irq 9 low level)
[    0.000000] Using ACPI (MADT) for SMP configuration information
[    00.000000] smpboot: Allowing 2 CPUs, 0 hotplug CPUs
[    0.000000] PM: Registered nosave memory: [mem 0x00000000-0x00000fff]
[    0.000000] PM: Registered nosave memory: [mem 0x0009f000-0x0009ffff]
[    0.000000] PM: Registered nosave memory: [mem 0x000a0000-0x000effff]
[    0.000000] PM: Registered nosave memory: [mem 0x000f0000-0x000fffff]
[    0.000000] e820: [mem 0x40000000-0xfebfffff] available for PCI devices
[    0.000000] Booting paravirtualized kernel on KVM
[    0.000000] clocksource: refined-jiffies: mask: 0xffffffff max_cycles: 0xffffffff, max_idle_ns: 7645519600211568 ns
[    0.000000] setup_percpu: NR_CPUS:512 nr_cpumask_bits:512 nr_cpu_ids:2 nr_node_ids:1
[    0.000000] PERCPU: Embedded 33 pages/cpu @ffff88003fc00000 s95192 r8192 d31784 u1048576
[    0.000000] Built 1 zonelists in Node order, mobility grouping on.  Total pages: 257912
[    0.000000] Policy zone: DMA32
[    0.000000] Kernel command line: BOOT_IMAGE=/boot/vmlinuz-4.4.0-210-generic root=LABEL=cloudimg-rootfs ro console=tty1 console=ttyS0
[    0.000000] PID hash table entries: 4096 (order: 3, 32768 bytes)
[    0.000000] Memory: 997792K/1048120K available (8644K kernel code, 1332K rwdata, 4044K rodata, 1492K init, 1164K bss, 50328K reserved, 0K cma-reserved)
[    0.000000] SLUB: HWalign=64, Order=0-3, MinObjects=0, CPUs=2, Nodes=1
[    0.000000] Kernel/User page tables isolation: enabled
[   0.000000] Hierarchical RCU implementation.
[    0.000000] 	Build-time adjustment of leaf fanout to 64.
[    0.000000] 	RCU restricting CPUs from NR_CPUS=512 to nr_cpu_ids=2.
[    0.000000] RCU: Adjusting geometry for rcu_fanout_leaf=64, nr_cpu_ids=2
[    0.000000] NR_IRQS:33024 nr_irqs:440 16
[    0.000000] Console: colour VGA+ 80x25
[    0.000000] console [tty1] enabled
[    0.000000] console [ttyS0] enabled
[    0.000000] tsc: Detected 2712.002 MHz processor
[    0.862049] Calibrating delay loop (skipped) preset value.. 5424.00 BogoMIPS (lpj=10848008)
[    0.864889] pid_max: default: 32768 minimum: 301
[    0.866439] ACPI: Core revision 20150930
[    0.870371] ACPI: 2 ACPI AML tables successfully acquired and loaded
    0.872732] Security Framework initialized
[    0.910873] Yama: becoming mindful.
[    0.912138] AppArmor: AppArmor initialized
[    0.919586] Dentry cache hash table entries: 131072 (order: 8, 1048576 bytes)
[    0.952969] Inode-cache hash table entries: 65536 (order: 7, 524288 bytes)
[    0.955236] Mount-cache hash table entries: 2048 (order: 2, 16384 bytes)
[    0.963983] Mountpoint-cache hash table entries: 2048 (order: 2, 16384 bytes)
[    0.966319] Initializing cgroup subsys io
[    0.967662] Initializing cgroup subsys memory
[    0.969184] Initializing cgroup subsys devices
[    0.977393] Initializing cgroup subsys freezer
[    0.978898] Initializing cgroup subsys net_cls
[    0.980349] Initializing cgroup subsys perf_event
[    0.981893] Initializing cgroup subsys net_prio
[    0.983346] Initializing cgroup subsys hugetlb
[    0.984833] Initializing cgroup subsys pids
[    0.988124] mce: CPU supports 0 MCE banks
[    1.004735] Last level iTLB entries: 4KB 64, 2MB 8, 4MB 8
[    1.006596] Last level dTLB entries: 4KB 64, 2MB 0, 4MB 0, 1GB 4
[    1.015626] Spectre V1 : Mitigation: usercopy/swapgs barriers and __user pointer sanitization
[    1.021390] Spectre V2 : Mitigation: Full generic retpoline
[    1.031668] Spectre V2 : Spectre v2 / SpectreRSB mitigation: Filling RSB on context switch
[    1.034412] Speculative Store Bypass: Vulnerable
[    1.035956] SRBDS: Unknown: Dependent on hypervisor status
[    1.037811] MDS: Mitigation: Clear CPU buffers
[    1.042823] Freeing SMP alternatives memory: 36K
[    1.052483] ftrace: allocating 32380 entries in 127 pages
[    1.137714] smpboot: APIC(0) Converting physical 0 to logical package 0
[    1.180188] smpboot: Max logical packages: 1
[    1.189073] x2apic enabled
[    1.190841] Switched APIC routing to physical x2apic.
[    1.211224] ..TIMER: vector=0x30 apic1=0 pin1=2 apic2=-1 pin2=-1
[    1.321237] smpboot: CPU0: Intel(R) Core(TM) i5-7200U CPU @ 2.50GHz (family: 0x6, model: 0x8e, stepping: 0x9)
[    1.354184] Performance Events: unsupported p6 CPU model 142 no PMU driver, software events only.
[    1.404211] KVM setup paravirtual spinlock
[    1.424130] x86: Booting SMP configuration:
[    1.438653] .... node  #0, CPUs:      #1
[    1.453869] kvm-clock: cpu 1, msr 0:3ffe3041, secondary cpu clock
[    1.458031] mce: CPU supports 0 MCE banks
[    1.461393] x86: Booted up 1 node, 2 CPUs
[    1.463537] smpboot: Total of 2 processors activated (10848.00 BogoMIPS)
[    1.466746] devtmpfs: initialized
[    1.471540] evm: security.selinux
[    1.473051] evm: security.SMACK64
[    1.474477] evm: security.SMACK64EXEC
[    1.476054] evm: security.SMACK64TRANSMUTE
[    1.477784] evm: security.SMACK64MMAP
[    1.479351] evm: security.ima
[    1.480745] evm: security.capability
[    1.482656] clocksource: jiffies: mask: 0xffffffff max_cycles: 0xffffffff, max_idle_ns: 7645041785100000 ns
[    1.486271] futex hash table entries: 512 (order: 3, 32768 bytes)
[    1.488807] pinctrl core: initialized pinctrl subsystem
[    1.492966] RTC time:  6:00:02, date: 07/07/22
[    1.495072] NET: Registered protocol family 16
[    1.505018] cpuidle: using governor ladder
[    1.517711] cpuidle: using governor menu
[    1.519428] PCCT header not found.
[    1.521073] ACPI: bus type PCI registered
[    1.522709] acpiphp: ACPI Hot Plug PCI Controller Driver version: 0.5
[    1.525355] PCI: Using configuration type 1 for base access
[    1.543641] ACPI: Added _OSI(Module Device)
[    1.564528] ACPI: Added _OSI(Processor Device)
[    1.587102] ACPI: Added _OSI(3.0 _SCP Extensions)
[    1.641079] ACPI: Added _OSI(Processor Aggregator Device)
[    1.643748] ACPI: Executed 1 blocks of module-level executable AML code
[    1.649134] ACPI: Interpreter enabled
[    1.673983] ACPI: (supports S0 S5)
[    1.675191] ACPI: Using IOAPIC for interrupt routing
[    1.677051] PCI: Using host bridge windows from ACPI; if necessary, use "pci=nocrs" and report a bug
[    1.692824] ACPI: PCI Root Bridge [PCI0] (domain 0000 [bus 00-ff])
[    1.694759] acpi PNP0A03:00: _OSC: OS supports [ASPM ClockPM Segments MSI]
[    1.696827] acpi PNP0A03:00: _OSC: not requesting OS control; OS requires [ExtendedConfig ASPM ClockPM MSI]
[    1.699986] acpi PNP0A03:00: fail to add MMCONFIG information, can't access extended PCI configuration space under this bridge.
[    1.703969] PCI host bridge to bus 0000:00
[    1.705392] pci_bus 0000:00: root bus resource [io  0x0000-0x0cf7 window]
[    1.707396] pci_bus 0000:00: root bus resource [io  0x0d00-0xffff window]
[    1.709591] pci_bus 0000:00: root bus resource [mem 0x000a0000-0x000bffff window]
[    1.712455] pci_bus 0000:00: root bus resource [mem 0x40000000-0xfdffffff window]
[    1.721280] pci_bus 0000:00: root bus resource [bus 00-ff]
[    1.725784] pci 0000:00:01.1: legacy IDE quirk: reg 0x10: [io  0x01f0-0x01f7]
[    1.728034] pci 0000:00:01.1: legacy IDE quirk: reg 0x14: [io  0x03f6]
[    1.743190] pci 0000:00:01.1: legacy IDE quirk: reg 0x18: [io  0x0170-0x0177]
[    1.772239] pci 0000:00:01.1: legacy IDE quirk: reg 0x1c: [io  0x0376]
[    1.808183] pci 0000:00:07.0: quirk: [io  0x4000-0x403f] claimed by PIIX4 ACPI
[    1.812057] pci 0000:00:07.0: quirk: [io  0x4100-0x410f] claimed by PIIX4 SMB
[    1.835493] ACPI: PCI Interrupt Link [LNKA] (IRQs 5 9 10 *11)
[    1.839312] ACPI: PCI Interrupt Link [LNKB] (IRQs 5 9 *10 11)
[    1.843261] ACPI: PCI Interrupt Link [LNKC] (IRQs 5 *9 10 11)
[    1.846666] ACPI: PCI Interrupt Link [LNKD] (IRQs 5 9 10 *11)
[    1.850153] ACPI: Enabled 2 GPEs in block 00 to 07
[    1.853174] vgaarb: setting as boot device: PCI:0000:00:02.0
[    1.855487] vgaarb: device added: PCI:0000:00:02.0,decodes=io+mem,owns=io+mem,locks=none
[    1.859353] vgaarb: loaded
[    1.860861] vgaarb: bridge control possible 0000:00:02.0
[    1.863636] SCSI subsystem initialized
[    1.865784] ACPI: bus type USB registered
[    1.867706] usbcore: registered new interface driver usbfs
[    1.870038] usbcore: registered new interface driver hub
[    1.872187] usbcore: registered new device driver usb
[    1.879329] PCI: Using ACPI for IRQ routing
[    1.881769] NetLabel: Initializing
[    1.883327] NetLabel:  domain hash size = 128
[    1.884891] NetLabel:  protocols = UNLABELED CIPSOv4
[    1.886493] NetLabel:  unlabeled traffic allowed by default
[    1.888376] amd_nb: Cannot enumerate AMD northbridges
[    1.890090] clocksource: Switched to clocksource kvm-clock
[    1.906943] AppArmor: AppArmor Filesystem Enabled
[    1.908655] pnp: PnP ACPI init
[    1.911019] pnp: PnP ACPI: found 3 devices
[    1.924531] clocksource: acpi_pm: mask: 0xffffff max_cycles: 0xffffff, max_idle_ns: 2085701024 ns
[    1.927628] NET: Registered protocol family 2
[    1.929337] TCP established hash table entries: 8192 (order: 4, 65536 bytes)
[    1.931543] TCP bind hash table entries: 8192 (order: 5, 131072 bytes)
[    1.933482] TCP: Hash tables configured (established 8192 bind 8192)
[    1.965202] UDP hash table entries: 512 (order: 2, 16384 bytes)
[    1.967090] UDP-Lite hash table entries: 512 (order: 2, 16384 bytes)
[    1.968999] NET: Registered protocol family 1
[    1.970463] pci 0000:00:00.0: Limiting direct PCI/PCI transfers
[    1.972412] pci 0000:00:01.0: Activating ISA DMA hang workarounds
[    1.974672] Unpacking initramfs...

[    2.300801] Freeing initrd memory: 14888K
[    2.322882] clocksource: tsc: mask: 0xffffffffffffffff max_cycles: 0x2717880cafa, max_idle_ns: 440795252614 ns
[    2.392118] platform rtc_cmos: registered platform RTC device (no PNP device found)
[    2.395894] Scanning for low memory corruption every 60 seconds
[    2.398717] audit: initializing netlink subsys (disabled)
[    2.407805] audit: type=2000 audit(1657173607.571:1): initialized
[    2.432702] Initialise system trusted keyring
[    2.456212] HugeTLB registered 2 MB page size, pre-allocated 0 pages
[    2.460269] zbud: loaded
[    2.461975] VFS: Disk quotas dquot_6.6.0
[    2.463605] VFS: Dquot-cache hash table entries: 512 (order 0, 4096 bytes)
[    2.466258] squashfs: version 4.0 (2009/01/31) Phillip Lougher
[    2.468765] fuse init (API version 7.23)
[    2.470523] Key type big_key registered
[    2.472118] Allocating IMA MOK and blacklist keyrings.
[    2.475714] Key type asymmetric registered
[    2.477305] Asymmetric key parser 'x509' registered
[    2.479151] Block layer SCSI generic (bsg) driver version 0.4 loaded (major 249)
[    2.482181] io scheduler noop registered
[    2.483718] io scheduler deadline registered (default)
[    2.485910] io scheduler cfq registered
[    2.487582] pci_hotplug: PCI Hot Plug PCI Core version: 0.5
[    2.489655] pciehp: PCI Express Hot Plug Controller Driver version: 0.4
[    2.492101] ACPI: AC Adapter [AC] (on-line)
[    2.493857] input: Power Button as /devices/LNXSYSTM:00/LNXPWRBN:00/input/input0
[    2.496813] ACPI: Power Button [PWRF]
[    2.498433] input: Sleep Button as /devices/LNXSYSTM:00/LNXSLPBN:00/input/input1
[    2.503805] ACPI: Sleep Button [SLPF]
[    2.505572] GHES: HEST is not enabled!
[    2.507335] ACPI: Battery Slot [BAT0] (battery present)
[    2.507477] Serial: 8250/16550 driver, 32 ports, IRQ sharing enabled
[    2.539161] 00:02: ttyS0 at I/O 0x3f8 (irq = 4, base_baud = 115200) is a 16550A
[    2.543713] Linux agpgart interface v0.103
[    2.547450] loop: module loaded
[    2.548170] scsi host0: ata_piix
[    2.548237] scsi host1: ata_piix
[    2.548275] ata1: PATA max UDMA/33 cmd 0x1f0 ctl 0x3f6 bmdma 0xd000 irq 14
[    2.548276] ata2: PATA max UDMA/33 cmd 0x170 ctl 0x376 bmdma 0xd008 irq 15
[    2.548389] libphy: Fixed MDIO Bus: probed
[    2.548392] tun: Universal TUN/TAP device driver, 1.6
[    2.548392] tun: (C) 1999-2004 Max Krasnyansky <maxk@qualcomm.com>
[    2.548436] PPP generic driver version 2.4.2
[    2.548494] ehci_hcd: USB 2.0 'Enhanced' Host Controller (EHCI) Driver
[    2.548497] ehci-pci: EHCI PCI platform driver
[    2.548514] ehci-platform: EHCI generic platform driver
[    2.548523] ohci_hcd: USB 1.1 'Open' Host Controller (OHCI) Driver
[    2.548527] ohci-pci: OHCI PCI platform driver
[    2.548536] ohci-platform: OHCI generic platform driver
[    2.548546] uhci_hcd: USB Universal Host Controller Interface driver
[    2.548608] i8042: PNP: PS/2 Controller [PNP0303:PS2K,PNP0f03:PS2M] at 0x60,0x64 irq 1,12
[    2.550076] serio: i8042 KBD port at 0x60,0x64 irq 1
[    2.550081] serio: i8042 AUX port at 0x60,0x64 irq 12
[    2.550237] mousedev: PS/2 mouse device common for all mice
[    2.550771] rtc_cmos rtc_cmos: rtc core: registered rtc_cmos as rtc0
[    2.550865] rtc_cmos rtc_cmos: alarms up to one day, 114 bytes nvram
[    2.550876] i2c /dev entries driver
[    2.550954] device-mapper: uevent: version 1.0.3
[    2.551035] device-mapper: ioctl: 4.34.0-ioctl (2015-10-28) initialised: dm-devel@redhat.com
[    2.551061] ledtrig-cpu: registered to indicate activity on CPUs
[    2.551474] NET: Registered protocol family 10
[    2.551649] NET: Registered protocol family 17
[    2.551661] Key type dns_resolver registered
[    2.551950] registered taskstats version 1
[    2.551964] Loading compiled-in X.509 certificates
[    2.552645] Loaded X.509 cert 'Build time autogenerated kernel key: cf00e047681d67edb2720680708b7d9498083038'
[    2.552667] zswap: loaded using pool lzo/zbud
[    2.565523] Key type trusted registered
[    2.570682] Key type encrypted registered
[    2.570698] AppArmor: AppArmor sha1 policy hashing enabled
[    2.570702] ima: No TPM chip found, activating TPM-bypass!
[    2.570709] ima: Allocated hash algorithm: sha1
[    2.570738] evm: HMAC attrs: 0x1
[    2.571547]   Magic number: 14:127:13
[    2.572337] rtc_cmos rtc_cmos: setting system clock to 2022-07-07 06:00:03 UTC (1657173603)
[    2.572493] BIOS EDD facility v0.16 2004-Jun-25, 0 devices found
[    2.572493] EDD information not available.
[    2.572668] input: AT Translated Set 2 keyboard as /devices/platform/i8042/serio0/input/input2
[    2.719916] Freeing unused kernel memory: 1492K
[    2.772996] Write protecting the kernel read-only data: 14336k
[    2.784175] Freeing unused kernel memory: 1584K
[    2.786251] Freeing unused kernel memory: 52K
Loading, please wait...
starting version[    2.831522] random: systemd-udevd: uninitialized urandom read (16 bytes read, 5 bits of entropy available)
 229
[    2.832443] random: udevadm: uninitialized urandom read (16 bytes read, 5 bits of entropy available)
[    2.832468] random: udevadm: uninitialized urandom read (16 bytes read, 5 bits of entropy available)
[    2.848045] random: udevadm: uninitialized urandom read (16 bytes read, 5 bits of entropy available)
[    2.848103] random: udevadm: uninitialized urandom read (16 bytes read, 5 bits of entropy available)
[    2.848296] random: udevadm: uninitialized urandom read (16 bytes read, 5 bits of entropy available)
[    2.848364] random: udevadm: uninitialized urandom read (16 bytes read, 5 bits of entropy available)
[    2.848434] random: udevadm: uninitialized urandom read (16 bytes read, 5 bits of entropy available)
[    2.848504] random: udevadm: uninitialized urandom read (16 bytes read, 5 bits of entropy available)
[    2.848571] random: udevadm: uninitialized urandom read (16 bytes read, 5 bits of entropy available)
[    3.000431] e1000: Intel(R) PRO/1000 Network Driver - version 7.3.21-k8-NAPI
[    3.005233] e1000: Copyright (c) 1999-2006 Intel Corporation.
[    3.032190] Fusion MPT base driver 3.04.20
[    3.033926] Copyright (c) 1999-2008 LSI Corporation
[    3.064487] AVX2 version of gcm_enc/dec engaged.
[    3.066672] AES CTR mode by8 optimization enabled
[    3.071334] Fusion MPT SPI Host driver 3.04.20
[    3.246104] input: ImExPS/2 Generic Explorer Mouse as /devices/platform/i8042/serio1/input/input4
[    3.530129] e1000 0000:00:03.0 eth0: (PCI:33MHz:32-bit) 02:be:82:6b:cc:1d
[    3.571127] e1000 0000:00:03.0 eth0: Intel(R) PRO/1000 Network Connection
[    4.092141] e1000 0000:00:08.0 eth1: (PCI:33MHz:32-bit) 08:00:27:54:85:e5
[    4.099494] e1000 0000:00:08.0 eth1: Intel(R) PRO/1000 Network Connection
[    4.103406] mptbase: ioc0: Initiating bringup
[    4.104012] e1000 0000:00:03.0 enp0s3: renamed from eth0
[    4.115501] e1000 0000:00:08.0 enp0s8: renamed from eth1
[    4.383961] ioc0: LSI53C1030 A0: Capabilities={Initiator}
[    5.355259] scsi host2: ioc0: LSI53C1030 A0, FwRev=00000000h, Ports=1, MaxQ=256, IRQ=20
[    5.615811] scsi 2:0:0:0: Direct-Access     VBOX     HARDDISK         1.0  PQ: 0 ANSI: 5
[    5.644616] scsi target2:0:0: Beginning Domain Validation
[    5.654845] scsi target2:0:0: Domain Validation skipping write tests
[    5.715525] scsi target2:0:0: Ending Domain Validation
[    5.717579] scsi target2:0:0: asynchronous
[    5.733548] scsi 2:0:1:0: Direct-Access     VBOX     HARDDISK         1.0  PQ: 0 ANSI: 5
[    5.761777] scsi target2:0:1: Beginning Domain Validation
[    5.766813] scsi target2:0:1: Domain Validation skipping write tests
[    5.768987] scsi target2:0:1: Ending Domain Validation
[    5.770922] scsi target2:0:1: asynchronous
[    5.780572] sd 2:0:0:0: Attached scsi generic sg0 type 0
[    5.782589] sd 2:0:0:0: [sda] 83886080 512-byte logical blocks: (42.9 GB/40.0 GiB)
[    5.786115] sd 2:0:1:0: [sdb] 20480 512-byte logical blocks: (10.5 MB/10.0 MiB)
[    5.786405] sd 2:0:0:0: [sda] Write Protect is off
[    5.786607] sd 2:0:0:0: [sda] Incomplete mode parameter data
[    5.786612] sd 2:0:0:0: [sda] Assuming drive cache: write through
[    5.789574] sd 2:0:1:0: Attached scsi generic sg1 type 0
[    5.791219]  sda: sda1
[    5.792207] sd 2:0:0:0: [sda] Attached SCSI disk
[    5.833630] sd 2:0:1:0: [sdb] Write Protect is off
[    5.850427] sd 2:0:1:0: [sdb] Incomplete mode parameter data
[    5.852365] sd 2:0:1:0: [sdb] Assuming drive cache: write through
[    5.858704] sd 2:0:1:0: [sdb] Attached SCSI disk
Begin: Loading essential drivers ... [    7.538242] md: linear personality registered for level -1
[    7.543431] md: multipath personality registered for level -4
[    7.548621] md: raid0 personality registered for level 0
[    7.555327] md: raid1 personality registered for level 1
[    7.630494] raid6: sse2x1   gen()  7476 MB/s
[    7.718216] raid6: sse2x1   xor()  6233 MB/s
[    7.790486] raid6: sse2x2   gen() 10212 MB/s
[    7.866607] raid6: sse2x2   xor()  7208 MB/s
[    7.974958] raid6: sse2x4   gen() 11675 MB/s
[    8.079370] raid6: sse2x4   xor()  8019 MB/s
[    8.170133] raid6: avx2x1   gen() 15811 MB/s
[    8.298122] raid6: avx2x2   gen() 18997 MB/s
[    8.386812] raid6: avx2x4   gen() 20743 MB/s
[    8.396394] raid6: using algorithm avx2x4 gen() 20743 MB/s
[    8.437555] raid6: using avx2x2 recovery algorithm
[    8.441083] xor: automatically using best checksumming function:
[    8.530325]    avx       : 19199.000 MB/sec
[    8.533442] async_tx: api initialized (async)
[    8.571030] md: raid6 personality registered for level 6
[    8.573378] md: raid5 personality registered for level 5
[    8.575657] md: raid4 personality registered for level 4
[    8.590032] md: raid10 personality registered for level 10
done.
Begin: Running /scripts/init-premount ... done.
Begin: Mounting root file system ... Begin: Running /scripts/local-top ... done.
Begin: Running /scripts/local-premount ... [    8.649158] Btrfs loaded
Scanning for Btrfs filesystems
done.
Warning: fsck not present, so sk[    8.753513] EXT4-fs (sda1): mounted filesystem with ordered data mode. Opts: (null)
ipping root file system
done.
Begin: Running /scripts/local-bottom ... done.
Begin: Running /scripts/init-bottom ... done.
[    9.406825] systemd[1]: systemd 229 running in system mode. (+PAM +AUDIT +SELINUX +IMA +APPARMOR +SMACK +SYSVINIT +UTMP +LIBCRYPTSETUP +GCRYPT +GNUTLS +ACL +XZ -LZ4 +SECCOMP +BLKID +ELFUTILS +KMOD -IDN)
[    9.472124] systemd[1]: Detected virtualization oracle.
[    9.498548] systemd[1]: Detected architecture x86-64.

Welcome to [1mUbuntu 16.04.7 LTS[0m!

[    9.553765] systemd[1]: Set hostname to <ubuntu>.
[    9.596962] systemd[1]: Initializing machine ID from random generator.
[    9.633208] systemd[1]: Installed transient /etc/machine-id file.
[    9.872784] systemd[1]: Created slice User and Session Slice.
[[0;32m  OK  [0m] Created slice User and Session Slice.
[    9.910708] systemd[1]: Listening on udev Control Socket.
[[0;32m  OK  [0m] Listening on udev Control Socket.
[    9.921480] systemd[1]: Listening on Syslog Socket.
[[0;32m  OK  [0m] Listening on Syslog Socket.
[    9.959669] systemd[1]: Started Trigger resolvconf update for networkd DNS.
[[0;32m  OK  [0m] Started Trigger resolvconf update for networkd DNS.
[   10.063356] systemd[1]: Reached target Swap.
[[0;32m  OK  [0m] Reached target Swap.
[   10.090699] systemd[1]: Listening on Journal Audit Socket.
[[0;32m  OK  [0m] Listening on Journal Audit Socket.
[   10.151585] systemd[1]: Listening on LVM2 metadata daemon socket.
[[0;32m  OK  [0m] Listening on LVM2 metadata daemon socket.
[   10.235094] systemd[1]: Listening on Journal Socket (/dev/log).
[[0;32m  OK  [0m] Listening on Journal Socket (/dev/log).
[   10.295600] systemd[1]: Set up automount Arbitrary Executable File Formats File System Automount Point.
[[0;32m  OK  [0m] Set up automount Arbitrary Executab...ats File System Automount Point.
[   10.375543] systemd[1]: Listening on fsck to fsckd communication Socket.
[[0;32m  OK  [0m] Listening on fsck to fsckd communication Socket.
[   10.467044] systemd[1]: Reached target Encrypted Volumes.
[[0;32m  OK  [0m] Reached target Encrypted Volumes.
[   10.501608] systemd[1]: Listening on /dev/initctl Compatibility Named Pipe.
[[0;32m  OK  [0m] Listening on /dev/initctl Compatibility Named Pipe.
[   10.623199] systemd[1]: Reached target User and Group Name Lookups.
[[0;32m  OK  [0m] Reached target User and Group Name Lookups.
[   10.704474] systemd[1]: Listening on LVM2 poll daemon socket.
[[0;32m  OK  [0m] Listening on LVM2 poll daemon socket.
[   10.748015] systemd[1]: Listening on Journal Socket.
[[0;32m  OK  [0m] Listening on Journal Socket.
[   10.795326] systemd[1]: Started Forward Password Requests to Wall Directory Watch.
[[0;32m  OK  [0m] Started Forward Password Requests to Wall Directory Watch.
[   10.854945] systemd[1]: Listening on Device-mapper event daemon FIFOs.
[[0;32m  OK  [0m] Listening on Device-mapper event daemon FIFOs.
[   10.882759] systemd[1]: Reached target System Time Synchronized.
[[0;32m  OK  [0m] Reached target System Time Synchronized.
[   10.888449] systemd[1]: Created slice System Slice.
[[0;32m  OK  [0m] Created slice System Slice.
[   10.903169] systemd[1]: Starting File System Check on Root Device...
[   10.904044] random: nonblocking pool is initialized
         Startin[   10.927943] systemd[1]: Reached target Slices.
g File System Check on Root Device...
[[0;32m  OK  [[   10.933709] systemd[1]: Starting Load Kernel Modules...
0m] Reached target Slices.
         Starting Load Kernel Modules...
[   10.954458] Loading iSCSI transport class v2.0-870.
[   10.955343] systemd[1]: Mounting Huge Pages File System...
         Mounting Huge Pages File System...
[   10.967886] systemd[1]: Starting Monitoring of LVM2 mirrors, snapshots etc. using dmeventd or progress polling...
         Starting Monitor[   10.980744] iscsi: registered transport (tcp)
ing of LVM2 mirrors... dmeventd or progress polling...
[   11.016167] iscsi: registered transport (iser)
[   11.018237] systemd[1]: Starting Nameserver information manager...
         Starting Nameserver information manager...
[   11.031506] systemd[1]: Mounting Debug File System...
         Mounting Debug File System...
[   11.036718] systemd[1]: Starting Uncomplicated firewall...
         Starting Uncomplicated firewall...
[   11.042507] systemd[1]: Starting Create list of required static device nodes for the current kernel...
         Starting Create list of required st... nodes for the current kernel...
[   11.052482] systemd[1]: Mounting POSIX Message Queue File System...
         Mounting POSIX Message Queue File System...
[   11.058391] systemd[1]: Starting Set console keymap...
         Starting Set console keymap...
[   11.064938] systemd[1]: Created slice system-serial\x2dgetty.slice.
[[0;32m  OK  [0m] Created slice system-serial\x2dgetty.slice.
[   11.071089] systemd[1]: Starting Journal Service...
         Starting Journal Service...
[   11.090698] systemd[1]: Listening on udev Kernel Socket.
[[0;32m  OK  [0m] Listening on udev Kernel Socket.
[   11.106074] systemd[1]: Mounted Huge Pages File System.
[[0;32m  OK  [0m] Mounted Huge Pages File System.
[   11.115541] systemd[1]: Mounted POSIX Message Queue File System.
[[0;32m  OK  [0m] Mounted POSIX Message Queue File System.
[   11.128585] systemd[1]: Mounted Debug File System.
[[0;32m  OK  [0m] Mounted Debug File System.
[   11.159106] systemd[1]: Started Journal Service.
[[0;32m  OK  [0m] Started Journal Service.
[[0;32m  OK  [0m] Started File System Check on Root Device.
[[0;32m  OK  [0m] Started Load Kernel Modules.
[[0;32m  OK  [0m] Started Uncomplicated firewall.
[[0;32m  OK  [0m] Started Create list of required sta...ce nodes for the current kernel.
[[0;32m  OK  [0m] Started Set console keymap.
[[0;32m  OK  [0m] Started Nameserver information manager.
[[0;32m  OK  [0m] Started File System Check Daemon to report status.
[[0;32m  OK  [0m] Started LVM2 metadata daemon.
         Starting Create Static Device Nodes in /dev...
         Mounting FUSE Control File System...
         Starting Apply Kernel Variables...
         Starting Remount Root and Kernel File Systems...
[[0;32m  OK  [0m] Mounted FUSE Control File System.
[[0;32m  OK  [0m] Started Create Static Device Nodes in /dev.
[[0;32m  OK  [0m] Started Apply Kernel Variables.
[[0;32m  OK  [0m] Started Remount Root and Kernel File Systems.
         Starting Load/Save Random Seed...
         Starting Flush Journal to Persistent Storage...
         Starting udev Coldplug all Devices...
         Starting udev Kernel Device Manager...
[[0;32m  OK  [0m] Started Load/Save Random Seed.
[[0;32m  OK  [0m] Started udev Kernel Device Manager.
[[0;32m  OK  [0m] Started Flush Journal to Persistent Storage.
[[0;32m  OK  [0m] Started udev Coldplug all Devices.
[[0;32m  OK  [0m] Started Dispatch Password Requests to Console Directory Watch.
[[0;32m  OK  [0m] Started Monitoring of LVM2 mirrors,...ng dmeventd or progress polling.
[[0;32m  OK  [0m] Reached target Local File Systems (Pre).
[[0;32m  OK  [0m] Reached target Local File Systems.
         Starting Initial cloud-init job (pre-networking)...
         Starting Create Volatile Files and Directories...
         Starting LSB: AppArmor initialization...
         Starting Set console font and keymap...
         Starting Tell Plymouth To Write Out Runtime Data...
         Starting Commit a transient machine-id on disk...
[[0;32m  OK  [0m] Started Create Volatile Files and Directories.
[[0;32m  OK  [0m] Started Tell Plymouth To Write Out Runtime Data.
[[0;32m  OK  [0m] Started Commit a transient machine-id on disk.
[[0;32m  OK  [0m] Found device /dev/ttyS0.
[[0;32m  OK  [0m] Listening on Load/Save RF Kill Switch Status /dev/rfkill Watch.
         Starting Update UTMP about System Boot/Shutdown...
[   12.733957] cloud-init[497]: Cloud-init v. 21.1-19-gbad84ad4-0ubuntu1~16.04.2 running 'init-local' at Thu, 07 Jul 2022 06:00:14 +0000. Up 11.89 seconds.
[[0;32m  OK  [0m] Started Initial cloud-init job (pre-networking).
[[0;32m  OK  [0m] Reached target Network (Pre).
[[0;32m  OK  [0m] Started Update UTMP about System Boot/Shutdown.
[[0;32m  OK  [0m] Started Set console font and keymap.
[[0;32m  OK  [0m] Created slice system-getty.slice.
[[0;32m  OK  [0m] Started LSB: AppArmor initialization.
         Starting Raise network interfaces...
         Starting Load AppArmor profiles managed internally by snapd...
[[0;32m  OK  [0m] Started Load AppArmor profiles managed internally by snapd.
[[0;32m  OK  [0m] Started Raise network interfaces.
[[0;32m  OK  [0m] Reached target Network.
         Starting Initial cloud-init job (metadata service crawler)...
[   15.623019] cloud-init[966]: Cloud-init v. 21.1-19-gbad84ad4-0ubuntu1~16.04.2 running 'init' at Thu, 07 Jul 2022 06:00:17 +0000. Up 14.87 seconds.
[   15.650934] cloud-init[966]: ci-info: ++++++++++++++++++++++++++++++++++++++Net device info+++++++++++++++++++++++++++++++++++++++
[   15.655862] cloud-init[966]: ci-info: +--------+-------+----------------------------+---------------+--------+-------------------+
[   15.660902] cloud-init[966]: ci-info: | Device |   Up  |          Address           |      Mask     | Scope  |     Hw-Address    |
[   15.666080] cloud-init[966]: ci-info: +--------+-------+----------------------------+---------------+--------+-------------------+
[   15.680648] cloud-init[966]: ci-info: | enp0s3 |  True |         10.0.2.15          | 255.255.255.0 | global | 02:be:82:6b:cc:1d |
[   15.686061] cloud-init[966]: ci-info: | enp0s3 |  True | fe80::be:82ff:fe6b:cc1d/64 |       .       |  link  | 02:be:82:6b:cc:1d |
[   15.699238] cloud-init[[0;32m  OK  [0m] Started Initial cloud-init job (metadata service crawler).
[[0;32m  OK  [0m] Reached target System Initialization.
[966]: ci-info: | enp0s8 | False |             .              |       .       |   .    | 08:00:27:54:85:e5 |         Starting LXD - unix socket.
[[0;32m  OK  [0m] Started Daily Cleanup of Temporary Directories.

[   15.733498] [[0;32m  OK  [0m] Started Message of the Day.
[[0;32m  OK  [0m] Listening on UUID daemon activation socket.
[[0;32m  OK  [0m] Started Daily apt download activities.
[[0;32m  OK  [0m] Listening on ACPID Listen Socket.
[[0;32m  OK  [0m] Started Daily apt upgrade and clean activities.
[[0;32m  OK  [0m] Started Ubuntu Advantage update messaging.
[[0;32m  OK  [0m] Reached target Timers.
cloud-init[966]: ci-info: |   lo   |  True |         127.0.0.1          |   255.0.0.0   |  host  |         .         |
[   16.013549] cloud-init[966]: ci-info: |   lo   |  True |          ::1/128           |       .       |  host  |         .         |
[[0;32m  OK  [0m] Started ACPI Events Check.
[   16.017342] cloud-init[966]: ci-info: +--------+-------+----------------------------+---------------+--------+-------------------+
[[0;32m  OK  [0m] Reached target Paths.
[   16.089854]          Starting Socket activation for snappy daemon.
[[0;32m  OK  [0m] Listening on D-Bus System Message Bus Socket.
cloud-init[966]: ci-info: +++++++++++++++++++++++++++Route IPv4 info++++++++++++++++++++++++++++
[   16.318246] cloud-init[966]: ci-info: +-------+-------------+----------+---------------+-----------+-------+
[[0;32m  OK  [0m] Reached target Network is Online.
[   16.320990] cloud-init[966]: ci-info: | Route | Destination | Gateway  |    Genmask    | Interface | Flags |
[   16.387607]          Starting iSCSI initiator daemon (iscsid)...
[[0;32m  OK  [0m] Reached target Cloud-config availability.
[[0;32m  OK  [0m] Listening on LXD - unix socket.
[[0;32m  OK  [0m] Listening on Socket activation for snappy daemon.
[[0;32m  OK  [0m] Reached target Sockets.
[[0;32m  OK  [0m] Reached target Basic System.
cloud-init[966]: ci-info: +-------+-------------+----------+---------------+-----------+-------+
[   16.419440] [[0;32m  OK  [0m] Started Deferred execution scheduler.
cloud-init         Starting /etc/rc.local Compatibility...
[966]: ci-info: |   0   |   0.0.0.0   | 10.0.2.2 |    0.0.0.0    |   enp0s3  |   UG  |
         Starting LXD - container startup/shutdown...
[   16.425452] cloud-init[966]: ci-info: |   1   |   10.0.2.0  | 0.0.0.0  | 255.255.255.0 |   enp0s3  |   U   |
[   16.446326] cloud-init[966]: ci-info: +-------+-------------+----------+---------------+-----------+-------+
         Starting LSB: MD monitoring daemon...
[[0;32m  OK  [0m] Started ACPI event daemon.
[[0;32m  OK  [0m] Started Regular background program processing daemon.
[   16.454003] cloud-init[966]: ci-info: +++++++++++++++++++Route IPv6 info+++++++++++++++++++
[   16.483126] [cloud-init[0;32m  OK  [0m[966]: ] ci-info: +-------+-------------+---------+-----------+-------+Started FUSE filesystem for LXC.

[   16.484117] cloud-init[966]: ci-info: | Route | Destination | Gateway | Interface | Flags |
[   16.522465] cloud-init[966]: ci-info: +-------+-------------+---------+-----------+-------+
[   16.527434]          Starting Snap Daemon...
cloud-init[966]: ci-info: |   0   |  fe80::/64  |    ::   |   enp0s3  |   U   |
         Starting Pollinate to seed the pseudo random number generator...
[   16.551907] cloud-init[966]: ci-info: |   3   |   ff00::/8  |    ::   |   enp0s3  |   U   |
[   16.557589] cloud-init[966]: ci-info: +-------+-------------+---------+-----------+-------+
[   16.577690]          Starting Accounts Service...
cloud-init[[0;32m  OK  [0m] Started D-Bus System Message Bus.
[966]: Generating public/private rsa key pair.
[   16.593611] cloud-init[966]: Your identification has been saved in /etc/ssh/ssh_host_rsa_key.
[   16.605169] cloud-init[966]: Your public key has been saved in /etc/ssh/ssh_host_rsa_key.pub.
[   16.620769] cloud-init[966]: The key fingerprint is:
[   16.624612] cloud-init[966]: SHA256:N/dGJH6LsRFgPWZtRZENRnRq9xRJfPvvoH6d/gRBVLQ root@ubuntu-xenial
[   16.637207] cloud-init[966]: The key's randomart image is:
[   16.647194] cloud-init[966]: +---[RSA 2048]----+
[   16.662637] cloud-init[966]: |          o. =XX@|
[   16.664823] cloud-init[966]: |         . .=oo*=|
[   16.666942] cloud-init[966]: |           ooo=E=|
[   16.669324] cloud-init[966]: |           . = =.|
[   16.676615] cloud-init[966]: |        S o = + o|
[   16.679182] cloud-init[966]: |         . o O o.|
[   16.694185] cloud-init[966]: |            o =.+|
[   16.696360] cloud-init[966]: |             o.+o|
[   16.701678] cloud-init[966]: |           .o..o+|
[   16.704694] cloud-init[966]: +----[SHA256]-----+
[   16.706985] cloud-init[966]: Generating public/private dsa key pair.
[   16.709679] cloud-init[966]: Your identification has been saved in /etc/ssh/ssh_host_dsa_key.
         Starting System Logging Service...
[   16.720717]          Starting LSB: Record successful boot for GRUB...
cloud-init         Starting Login Service...
[966]: Your public key has been saved in /etc/ssh/ssh_host_dsa_key.pub.         Starting Virtualbox guest utils...

[[0;32m  OK  [0m] Started /etc/rc.local Compatibility.
[[0;32m  OK  [0m] Started LXD - container startup/shutdown.
[   16.739490] [[0;32m  OK  [0m] Started iSCSI initiator daemon (iscsid).
cloud-init[966]:          Starting Login to default iSCSI targets...
The key fingerprint is:
[   16.795611] cloud-init[966]: SHA256:jpqxogv2J92sVsC2rHpAxk25QfqOtpWcjOy5CFkjJh4 root@ubuntu-xenial
[   16.807120] cloud-init[966]: The key's randomart image is:
[[0;32m  OK  [0m] Started LSB: MD monitoring daemon.
[   16.809477] cloud-init[966]: +---[DSA 1024]----+
[   16.815568] cloud-init[966]: |  ...            |
[   16.818665] [[0;32m  OK  [0m] Started Login Service.
cloud-init[966]: |  .+             |
[   16.837734] [[0;32m  OK  [0m] Started Unattended Upgrades Shutdown.
cloud-init[966]: |..o +            |
[   16.877157]          Starting Authenticate and Authorize Users to Run Privileged Tasks...
[[0;32m  OK  [0m] Started System Logging Service.
cloud-init[966]: | +.o +           |
[   16.951799] [[0;32m  OK  [0m] Started Authenticate and Authorize Users to Run Privileged Tasks.
[[0;32m  OK  [0m] Started Login to default iSCSI targets.
[[0;32m  OK  [0m] Started Accounts Service.
[[0;32m  OK  [0m] Reached target Remote File Systems (Pre).
[[0;32m  OK  [0m] Reached target Remote File Systems.
cloud-init         Starting LSB: Set the CPU Frequency Scaling governor to "ondemand"...
         Starting LSB: automatic crash report generation...
         Starting LSB: daemon to balance interrupts for SMP systems...
         Starting Permit User Sessions...
[[0;32m  OK  [0m] Started Permit User Sessions.
[966]: |=Eo.o o S        |
[   17.051791]          Starting Terminate Plymouth Boot Screen...
cloud-init[966]: |==B.oo +         |
[   17.056857] cloud-init[966]: |+B.B+ = .        |
[   17.060031] cloud-init[966]: |B *+ O o         |
[   17.067822]          Starting Hold until boot process finishes up...
[[0;32m  OK  [0m] Started LSB: Record successful boot for GRUB.
[[0;32m  OK  [0m] Started Virtualbox guest utils.
[[0;32m  OK  [0m] Started Terminate Plymouth Boot Screen.
[[0;32m  OK  [0m] Started Hold until boot process finishes up.
cloud-init[966]: |+O+oB..          |
[   17.086609]          Starting Set console scheme...
[[0;32m  OK  [0m] Started Serial Getty on ttyS0.
cloud-init[966]: +----[SHA256]-----+
[   17.112155] [[0;32m  OK  [0m] Started Getty on tty1.
[[0;32m  OK  [0m] Reached target Login Prompts.
cloud-init[966]: Generating public/private ecdsa key pair.
[   17.118700] cloud-init[966]: Your identification has been saved in /etc/ssh/ssh_host_ecdsa_key.
[   17.118786] cloud-init[966]: Your public key has been saved in /etc/ssh/ssh_host_ecdsa_key.pub.
[   17.118857] cloud-init[966]: The key fingerprint is:
[   17.118927] cloud-init[966]: SHA256:EPYnndfWNo1SmxwIorGuOH6a0wVQaOFaUbNNGYFIK4w root@ubuntu-xenial
[   17.119040] cloud-init[966]: The key's randomart image is:
[   17.119117] cloud-init[966]: +---[ECDSA 256]---+
[   17.119187] cloud-init[966]: | .+*+.B+. .. .o  |
[   17.119256] cloud-init[966]: |o.=o.*.* o ..+ *.|
[   17.119323] cloud-init[966]: |Eo+.. = o + o B.+|
[   17.119395] cloud-init[966]: | +  .. . o . o ..|
[   17.119468] cloud-init[966]: |.    .. S        |
[[0;32m  OK  [0m] Started LSB: Set the CPU Frequency Scaling governor to "ondemand".
[   17.119542] [[0;32m  OK  [0m] Started LSB: automatic crash report generation.
[[0;32m  OK  [0m] Started LSB: daemon to balance interrupts for SMP systems.
cloud-init[966]: |   . ..          |
[[0;32m  OK  [0m] Started Set console scheme.
[   17.176453] [cloud-init[0;32m  OK  [0m[966]: ] |  o...           |Started Snap Daemon.

[   17.206635] cloud-init[966]:          Starting Wait until snapd is fully seeded...
| ..oo            |
[   17.217001] cloud-init[966]: |  ++             |
[   17.219471] cloud-init[966]: +----[SHA256]-----+
[   17.221528] cloud-init[966]: Generating public/private ed25519 key pair.
[   17.224265] cloud-init[966]: Your identification has been saved in /etc/ssh/ssh_host_ed25519_key.
[   17.250145] cloud-init[966]: Your public key has been saved in /etc/ssh/ssh_host_ed25519_key.pub.
[   17.253897] cloud-init[966]: The key fingerprint is:
[   17.256999] cloud-init[966]: SHA256:bRywcIIwsvj6uo6fZUet2dPc26IPf7936wn8i6Mcg7Q root@ubuntu-xenial
[   17.276687] cloud-init[966]: The key's randomart image is:
[   17.279079] cloud-init[966]: +--[ED25519 256]--+
[   17.281237] cloud-init[966]: |. o. .o o        |
[   17.283275] cloud-init[966]: |.o ..  + o       |
[   17.291898] cloud-init[966]: |o       . .      |
[   17.293999] cloud-init[966]: | .     . o .     |
[   17.299936] cloud-init[966]: |  .   . S.+      |
[   17.302358] cloud-init[966]: | .   . +.+o..    |
[   17.305529] cloud-init[966]: |.   o + oE+o.o   |
[   17.314342] cloud-init[966]: |.. + .   ..o++= +|
[   17.318775] cloud-init[966]: |==+       .==++OB|
[   17.333857] cloud-init[966]: +----[SHA256]-----+
[[0;32m  OK  [0m] Started Wait until snapd is fully seeded.
         Starting Apply the settings specified in cloud-config...
[   21.314694] cloud-init[1296]: Generating locales (this might take a while)...
[   23.013467] cloud-init[1296]:   en_US.UTF-8... done
[   23.016398] cloud-init[1296]: Generation complete.

Ubuntu 16.04.7 LTS ubuntu-xenial ttyS0

ubuntu-xenial login: [   23.694876] cloud-init[1296]: Cloud-init v. 21.1-19-gbad84ad4-0ubuntu1~16.04.2 running 'modules:config' at Thu, 07 Jul 2022 06:00:23 +0000. Up 21.01 seconds.
ci-info: no authorized SSH keys fingerprints found for user ubuntu.
<14>Jul  7 06:00:27 ec2: 
<14>Jul  7 06:00:27 ec2: #############################################################
<14>Jul  7 06:00:27 ec2: -----BEGIN SSH HOST KEY FINGERPRINTS-----
<14>Jul  7 06:00:27 ec2: 1024 SHA256:jpqxogv2J92sVsC2rHpAxk25QfqOtpWcjOy5CFkjJh4 root@ubuntu-xenial (DSA)
<14>Jul  7 06:00:27 ec2: 256 SHA256:EPYnndfWNo1SmxwIorGuOH6a0wVQaOFaUbNNGYFIK4w root@ubuntu-xenial (ECDSA)
<14>Jul  7 06:00:27 ec2: 256 SHA256:bRywcIIwsvj6uo6fZUet2dPc26IPf7936wn8i6Mcg7Q root@ubuntu-xenial (ED25519)
<14>Jul  7 06:00:27 ec2: 2048 SHA256:N/dGJH6LsRFgPWZtRZENRnRq9xRJfPvvoH6d/gRBVLQ root@ubuntu-xenial (RSA)
<14>Jul  7 06:00:27 ec2: -----END SSH HOST KEY FINGERPRINTS-----
<14>Jul  7 06:00:27 ec2: #############################################################
-----BEGIN SSH HOST KEY KEYS-----
ecdsa-sha2-nistp256 AAAAE2VjZHNhLXNoYTItbmlzdHAyNTYAAAAIbmlzdHAyNTYAAABBBKSIUKaiTpQ8x2dDOPUjIV3Vxk61l/8er03H6Fu52VEG2dpYND3lKeHwaujTe+i831CCzZxT+5oGZWyRyVjVMu0= root@ubuntu-xenial
ssh-ed25519 AAAAC3NzaC1lZDI1NTE5AAAAIAtPH3js/IOZfvLXkNGLy+VTostHhswc3y4b/v+TsN8U root@ubuntu-xenial
ssh-rsa AAAAB3NzaC1yc2EAAAADAQABAAABAQCyBdTsVNRxgrm6ADF3RcOLptTIlo7bICBCHGroYa5qSI6fXNnqLxM89krSqPy2DsMMSe2+Omdun2fyTaTBBXS4TBzP61HBRPjOHs08OD3zscFVTXMJU5a6eTeLa7FSVkAjulukFCSeiP4zLWXHAcRRj4nPZiRa6GOo1//rVG+Sn9wInk1dPQWucyG7twvcY9/8jUzImZy5PH/K+i2IO8LVYtC64s9VJsVSPj0OkNvQbZ2bHpJ1KuYeoawINjw1m/VPu2nxe/sEwdfozqUGR9x846AbkCngvdZwOWzBvX9ZA/jAtwpGL78BahaL/whezFA8JhIFlACq21Z3up4UM/EF root@ubuntu-xenial
-----END SSH HOST KEY KEYS-----
[   24.923586] cloud-init[1366]: Cloud-init v. 21.1-19-gbad84ad4-0ubuntu1~16.04.2 running 'modules:final' at Thu, 07 Jul 2022 06:00:26 +0000. Up 24.55 seconds.
[   24.924091] cloud-init[1366]: ci-info: no authorized SSH keys fingerprints found for user ubuntu.
[   24.924474] cloud-init[1366]: Cloud-init v. 21.1-19-gbad84ad4-0ubuntu1~16.04.2 finished at Thu, 07 Jul 2022 06:00:27 +0000. Datasource DataSourceNoCloud [seed=/dev/sdb][dsmode=net].  Up 24.90 seconds
